<?xml version="1.0" encoding="UTF-8"?>
<testng-results ignored="0" total="1" passed="1" failed="0" skipped="0">
  <reporter-output>
  </reporter-output>
  <suite started-at="2023-02-23T10:47:59Z" name="Default suite" finished-at="2023-02-23T10:50:58Z" duration-ms="179568">
    <groups>
    </groups>
    <test started-at="2023-02-23T10:47:59Z" name="Default test" finished-at="2023-02-23T10:50:58Z" duration-ms="179568">
      <class name="com.invicta.qa.testcases.Testt">
        <test-method is-config="true" signature="main()[pri:0, instance:com.invicta.qa.testcases.Testt@4d48bd85]" started-at="2023-02-23T10:47:52Z" name="main" finished-at="2023-02-23T10:47:59Z" duration-ms="6575" status="PASS">
          <reporter-output>
          </reporter-output>
        </test-method> <!-- main -->
        <test-method signature="EmployeeImport()[pri:0, instance:com.invicta.qa.testcases.Testt@4d48bd85]" started-at="2023-02-23T10:47:59Z" name="EmployeeImport" finished-at="2023-02-23T10:50:58Z" duration-ms="179534" status="PASS">
          <reporter-output>
          </reporter-output>
        </test-method> <!-- EmployeeImport -->
        <test-method is-config="true" signature="closeChrome()[pri:0, instance:com.invicta.qa.testcases.Testt@4d48bd85]" started-at="2023-02-23T10:50:58Z" name="closeChrome" finished-at="2023-02-23T10:50:59Z" duration-ms="540" status="PASS">
          <reporter-output>
          </reporter-output>
        </test-method> <!-- closeChrome -->
      </class> <!-- com.invicta.qa.testcases.Testt -->
    </test> <!-- Default test -->
  </suite> <!-- Default suite -->
</testng-results>
